06-Jan-2021 16:34:49.183 INFO [main] org.apache.catalina.startup.VersionLoggerListener.log 서버 버전 이름:    Apache Tomcat/9.0.41
06-Jan-2021 16:34:49.187 INFO [main] org.apache.catalina.startup.VersionLoggerListener.log Server 빌드 시각:  Dec 3 2020 11:43:00 UTC
06-Jan-2021 16:34:49.187 INFO [main] org.apache.catalina.startup.VersionLoggerListener.log Server 버전 번호:  9.0.41.0
06-Jan-2021 16:34:49.187 INFO [main] org.apache.catalina.startup.VersionLoggerListener.log 운영체제 이름:     Windows 10
06-Jan-2021 16:34:49.188 INFO [main] org.apache.catalina.startup.VersionLoggerListener.log 운영체제 버전:     10.0
06-Jan-2021 16:34:49.188 INFO [main] org.apache.catalina.startup.VersionLoggerListener.log 아키텍처:          amd64
06-Jan-2021 16:34:49.188 INFO [main] org.apache.catalina.startup.VersionLoggerListener.log 자바 홈:           C:\java\Java\jdk-11.0.9
06-Jan-2021 16:34:49.188 INFO [main] org.apache.catalina.startup.VersionLoggerListener.log JVM 버전:          11.0.9+7-LTS
06-Jan-2021 16:34:49.188 INFO [main] org.apache.catalina.startup.VersionLoggerListener.log JVM 벤더:          Oracle Corporation
06-Jan-2021 16:34:49.189 INFO [main] org.apache.catalina.startup.VersionLoggerListener.log CATALINA_BASE:     C:\choco-lee\apache-tomcat-9.0.41
06-Jan-2021 16:34:49.189 INFO [main] org.apache.catalina.startup.VersionLoggerListener.log CATALINA_HOME:     C:\choco-lee\apache-tomcat-9.0.41
06-Jan-2021 16:34:49.204 INFO [main] org.apache.catalina.startup.VersionLoggerListener.log 명령 행 아규먼트:  --add-opens=java.base/java.lang=ALL-UNNAMED
06-Jan-2021 16:34:49.205 INFO [main] org.apache.catalina.startup.VersionLoggerListener.log 명령 행 아규먼트:  --add-opens=java.base/java.io=ALL-UNNAMED
06-Jan-2021 16:34:49.206 INFO [main] org.apache.catalina.startup.VersionLoggerListener.log 명령 행 아규먼트:  --add-opens=java.rmi/sun.rmi.transport=ALL-UNNAMED
06-Jan-2021 16:34:49.209 INFO [main] org.apache.catalina.startup.VersionLoggerListener.log 명령 행 아규먼트:  -Djava.util.logging.config.file=C:\choco-lee\apache-tomcat-9.0.41\conf\logging.properties
06-Jan-2021 16:34:49.210 INFO [main] org.apache.catalina.startup.VersionLoggerListener.log 명령 행 아규먼트:  -Djava.util.logging.manager=org.apache.juli.ClassLoaderLogManager
06-Jan-2021 16:34:49.211 INFO [main] org.apache.catalina.startup.VersionLoggerListener.log 명령 행 아규먼트:  -Djdk.tls.ephemeralDHKeySize=2048
06-Jan-2021 16:34:49.212 INFO [main] org.apache.catalina.startup.VersionLoggerListener.log 명령 행 아규먼트:  -Djava.protocol.handler.pkgs=org.apache.catalina.webresources
06-Jan-2021 16:34:49.213 INFO [main] org.apache.catalina.startup.VersionLoggerListener.log 명령 행 아규먼트:  -Dignore.endorsed.dirs=
06-Jan-2021 16:34:49.214 INFO [main] org.apache.catalina.startup.VersionLoggerListener.log 명령 행 아규먼트:  -Dcatalina.base=C:\choco-lee\apache-tomcat-9.0.41
06-Jan-2021 16:34:49.215 INFO [main] org.apache.catalina.startup.VersionLoggerListener.log 명령 행 아규먼트:  -Dcatalina.home=C:\choco-lee\apache-tomcat-9.0.41
06-Jan-2021 16:34:49.216 INFO [main] org.apache.catalina.startup.VersionLoggerListener.log 명령 행 아규먼트:  -Djava.io.tmpdir=C:\choco-lee\apache-tomcat-9.0.41\temp
06-Jan-2021 16:34:49.223 INFO [main] org.apache.catalina.core.AprLifecycleListener.lifecycleEvent APR 버전 [1.7.0]을(를) 사용한, APR 기반 Apache Tomcat Native 라이브러리 [1.2.25]을(를) 로드했습니다.
06-Jan-2021 16:34:49.225 INFO [main] org.apache.catalina.core.AprLifecycleListener.lifecycleEvent APR 용량정보들: IPv6 [true], sendfile [true], accept filters [false], random [true].
06-Jan-2021 16:34:49.226 INFO [main] org.apache.catalina.core.AprLifecycleListener.lifecycleEvent APR/OpenSSL 설정: useAprConnector [false], useOpenSSL [true]
06-Jan-2021 16:34:49.232 INFO [main] org.apache.catalina.core.AprLifecycleListener.initializeSSL OpenSSL이 성공적으로 초기화되었습니다: [OpenSSL 1.1.1g  21 Apr 2020]
06-Jan-2021 16:34:49.480 INFO [main] org.apache.coyote.AbstractProtocol.init 프로토콜 핸들러 ["http-nio-8080"]을(를) 초기화합니다.
06-Jan-2021 16:34:49.661 INFO [main] org.apache.catalina.startup.Catalina.load [676] 밀리초 내에 서버가 초기화되었습니다.
06-Jan-2021 16:34:49.713 INFO [main] org.apache.catalina.core.StandardService.startInternal 서비스 [Catalina]을(를) 시작합니다.
06-Jan-2021 16:34:49.715 INFO [main] org.apache.catalina.core.StandardEngine.startInternal 서버 엔진을 시작합니다: [Apache Tomcat/9.0.41]
06-Jan-2021 16:34:49.725 INFO [main] org.apache.catalina.startup.HostConfig.deployDirectory 웹 애플리케이션 디렉토리 [C:\choco-lee\apache-tomcat-9.0.41\webapps\docs]을(를) 배치합니다.
06-Jan-2021 16:34:50.029 WARNING [main] org.apache.catalina.util.SessionIdGeneratorBase.createSecureRandom [SHA1PRNG] 알고리즘을 사용하여, 세션 ID를 생성하기 위한 SecureRandom 객체를 생성하는데, [101] 밀리초가 소요됐습니다.
06-Jan-2021 16:34:50.050 INFO [main] org.apache.catalina.startup.HostConfig.deployDirectory 웹 애플리케이션 디렉토리 [C:\choco-lee\apache-tomcat-9.0.41\webapps\docs]에 대한 배치가 [325] 밀리초에 완료되었습니다.
06-Jan-2021 16:34:50.052 INFO [main] org.apache.catalina.startup.HostConfig.deployDirectory 웹 애플리케이션 디렉토리 [C:\choco-lee\apache-tomcat-9.0.41\webapps\examples]을(를) 배치합니다.
06-Jan-2021 16:34:50.439 INFO [main] org.apache.catalina.startup.HostConfig.deployDirectory 웹 애플리케이션 디렉토리 [C:\choco-lee\apache-tomcat-9.0.41\webapps\examples]에 대한 배치가 [386] 밀리초에 완료되었습니다.
06-Jan-2021 16:34:50.440 INFO [main] org.apache.catalina.startup.HostConfig.deployDirectory 웹 애플리케이션 디렉토리 [C:\choco-lee\apache-tomcat-9.0.41\webapps\host-manager]을(를) 배치합니다.
06-Jan-2021 16:34:50.466 INFO [main] org.apache.catalina.startup.HostConfig.deployDirectory 웹 애플리케이션 디렉토리 [C:\choco-lee\apache-tomcat-9.0.41\webapps\host-manager]에 대한 배치가 [26] 밀리초에 완료되었습니다.
06-Jan-2021 16:34:50.468 INFO [main] org.apache.catalina.startup.HostConfig.deployDirectory 웹 애플리케이션 디렉토리 [C:\choco-lee\apache-tomcat-9.0.41\webapps\manager]을(를) 배치합니다.
06-Jan-2021 16:34:50.495 INFO [main] org.apache.catalina.startup.HostConfig.deployDirectory 웹 애플리케이션 디렉토리 [C:\choco-lee\apache-tomcat-9.0.41\webapps\manager]에 대한 배치가 [26] 밀리초에 완료되었습니다.
06-Jan-2021 16:34:50.497 INFO [main] org.apache.catalina.startup.HostConfig.deployDirectory 웹 애플리케이션 디렉토리 [C:\choco-lee\apache-tomcat-9.0.41\webapps\ROOT]을(를) 배치합니다.
06-Jan-2021 16:34:50.519 INFO [main] org.apache.catalina.startup.HostConfig.deployDirectory 웹 애플리케이션 디렉토리 [C:\choco-lee\apache-tomcat-9.0.41\webapps\ROOT]에 대한 배치가 [21] 밀리초에 완료되었습니다.
06-Jan-2021 16:34:50.525 INFO [main] org.apache.coyote.AbstractProtocol.start 프로토콜 핸들러 ["http-nio-8080"]을(를) 시작합니다.
06-Jan-2021 16:34:50.534 INFO [main] org.apache.catalina.startup.Catalina.start 서버가 [868] 밀리초 내에 시작되었습니다.
